<?xml version="1.0" encoding="UTF-8"?>
<testsuite xmlns:xsi="http://www.w3.org/2001/XMLSchema-instance" xsi:noNamespaceSchemaLocation="https://maven.apache.org/surefire/maven-surefire-plugin/xsd/surefire-test-report.xsd" name="com.lgh.boot.Springboot01Helloworld2ApplicationTests" time="4.23" tests="1" errors="0" skipped="0" failures="0">
  <properties>
    <property name="sun.desktop" value="windows"/>
    <property name="awt.toolkit" value="sun.awt.windows.WToolkit"/>
    <property name="file.encoding.pkg" value="sun.io"/>
    <property name="java.specification.version" value="1.8"/>
    <property name="sun.cpu.isalist" value="amd64"/>
    <property name="sun.jnu.encoding" value="GBK"/>
    <property name="java.class.path" value="E:\IdeaProjects\SpringBoot-02\springboot-01-helloworld-2\target\test-classes;E:\IdeaProjects\SpringBoot-02\springboot-01-helloworld-2\target\classes;F:\maven\repository\org\springframework\boot\spring-boot-starter-web\2.4.5\spring-boot-starter-web-2.4.5.jar;F:\maven\repository\org\springframework\boot\spring-boot-starter\2.4.5\spring-boot-starter-2.4.5.jar;F:\maven\repository\org\springframework\boot\spring-boot\2.4.5\spring-boot-2.4.5.jar;F:\maven\repository\org\springframework\boot\spring-boot-autoconfigure\2.4.5\spring-boot-autoconfigure-2.4.5.jar;F:\maven\repository\org\springframework\boot\spring-boot-starter-logging\2.4.5\spring-boot-starter-logging-2.4.5.jar;F:\maven\repository\ch\qos\logback\logback-classic\1.2.3\logback-classic-1.2.3.jar;F:\maven\repository\ch\qos\logback\logback-core\1.2.3\logback-core-1.2.3.jar;F:\maven\repository\org\apache\logging\log4j\log4j-to-slf4j\2.13.3\log4j-to-slf4j-2.13.3.jar;F:\maven\repository\org\apache\logging\log4j\log4j-api\2.13.3\log4j-api-2.13.3.jar;F:\maven\repository\org\slf4j\jul-to-slf4j\1.7.30\jul-to-slf4j-1.7.30.jar;F:\maven\repository\jakarta\annotation\jakarta.annotation-api\1.3.5\jakarta.annotation-api-1.3.5.jar;F:\maven\repository\org\yaml\snakeyaml\1.27\snakeyaml-1.27.jar;F:\maven\repository\org\springframework\boot\spring-boot-starter-json\2.4.5\spring-boot-starter-json-2.4.5.jar;F:\maven\repository\com\fasterxml\jackson\core\jackson-databind\2.11.4\jackson-databind-2.11.4.jar;F:\maven\repository\com\fasterxml\jackson\core\jackson-annotations\2.11.4\jackson-annotations-2.11.4.jar;F:\maven\repository\com\fasterxml\jackson\core\jackson-core\2.11.4\jackson-core-2.11.4.jar;F:\maven\repository\com\fasterxml\jackson\datatype\jackson-datatype-jdk8\2.11.4\jackson-datatype-jdk8-2.11.4.jar;F:\maven\repository\com\fasterxml\jackson\datatype\jackson-datatype-jsr310\2.11.4\jackson-datatype-jsr310-2.11.4.jar;F:\maven\repository\com\fasterxml\jackson\module\jackson-module-parameter-names\2.11.4\jackson-module-parameter-names-2.11.4.jar;F:\maven\repository\org\springframework\boot\spring-boot-starter-tomcat\2.4.5\spring-boot-starter-tomcat-2.4.5.jar;F:\maven\repository\org\apache\tomcat\embed\tomcat-embed-core\9.0.45\tomcat-embed-core-9.0.45.jar;F:\maven\repository\org\glassfish\jakarta.el\3.0.3\jakarta.el-3.0.3.jar;F:\maven\repository\org\apache\tomcat\embed\tomcat-embed-websocket\9.0.45\tomcat-embed-websocket-9.0.45.jar;F:\maven\repository\org\springframework\spring-web\5.3.6\spring-web-5.3.6.jar;F:\maven\repository\org\springframework\spring-beans\5.3.6\spring-beans-5.3.6.jar;F:\maven\repository\org\springframework\spring-webmvc\5.3.6\spring-webmvc-5.3.6.jar;F:\maven\repository\org\springframework\spring-aop\5.3.6\spring-aop-5.3.6.jar;F:\maven\repository\org\springframework\spring-context\5.3.6\spring-context-5.3.6.jar;F:\maven\repository\org\springframework\spring-expression\5.3.6\spring-expression-5.3.6.jar;F:\maven\repository\org\springframework\boot\spring-boot-configuration-processor\2.4.5\spring-boot-configuration-processor-2.4.5.jar;F:\maven\repository\org\projectlombok\lombok\1.18.20\lombok-1.18.20.jar;F:\maven\repository\org\springframework\boot\spring-boot-starter-test\2.4.5\spring-boot-starter-test-2.4.5.jar;F:\maven\repository\org\springframework\boot\spring-boot-test\2.4.5\spring-boot-test-2.4.5.jar;F:\maven\repository\org\springframework\boot\spring-boot-test-autoconfigure\2.4.5\spring-boot-test-autoconfigure-2.4.5.jar;F:\maven\repository\com\jayway\jsonpath\json-path\2.4.0\json-path-2.4.0.jar;F:\maven\repository\net\minidev\json-smart\2.3\json-smart-2.3.jar;F:\maven\repository\net\minidev\accessors-smart\1.2\accessors-smart-1.2.jar;F:\maven\repository\org\ow2\asm\asm\5.0.4\asm-5.0.4.jar;F:\maven\repository\org\slf4j\slf4j-api\1.7.30\slf4j-api-1.7.30.jar;F:\maven\repository\jakarta\xml\bind\jakarta.xml.bind-api\2.3.3\jakarta.xml.bind-api-2.3.3.jar;F:\maven\repository\jakarta\activation\jakarta.activation-api\1.2.2\jakarta.activation-api-1.2.2.jar;F:\maven\repository\org\assertj\assertj-core\3.18.1\assertj-core-3.18.1.jar;F:\maven\repository\org\hamcrest\hamcrest\2.2\hamcrest-2.2.jar;F:\maven\repository\org\junit\jupiter\junit-jupiter\5.7.1\junit-jupiter-5.7.1.jar;F:\maven\repository\org\junit\jupiter\junit-jupiter-api\5.7.1\junit-jupiter-api-5.7.1.jar;F:\maven\repository\org\apiguardian\apiguardian-api\1.1.0\apiguardian-api-1.1.0.jar;F:\maven\repository\org\opentest4j\opentest4j\1.2.0\opentest4j-1.2.0.jar;F:\maven\repository\org\junit\platform\junit-platform-commons\1.7.1\junit-platform-commons-1.7.1.jar;F:\maven\repository\org\junit\jupiter\junit-jupiter-params\5.7.1\junit-jupiter-params-5.7.1.jar;F:\maven\repository\org\junit\jupiter\junit-jupiter-engine\5.7.1\junit-jupiter-engine-5.7.1.jar;F:\maven\repository\org\junit\platform\junit-platform-engine\1.7.1\junit-platform-engine-1.7.1.jar;F:\maven\repository\org\mockito\mockito-core\3.6.28\mockito-core-3.6.28.jar;F:\maven\repository\net\bytebuddy\byte-buddy\1.10.22\byte-buddy-1.10.22.jar;F:\maven\repository\net\bytebuddy\byte-buddy-agent\1.10.22\byte-buddy-agent-1.10.22.jar;F:\maven\repository\org\objenesis\objenesis\3.1\objenesis-3.1.jar;F:\maven\repository\org\mockito\mockito-junit-jupiter\3.6.28\mockito-junit-jupiter-3.6.28.jar;F:\maven\repository\org\skyscreamer\jsonassert\1.5.0\jsonassert-1.5.0.jar;F:\maven\repository\com\vaadin\external\google\android-json\0.0.20131108.vaadin1\android-json-0.0.20131108.vaadin1.jar;F:\maven\repository\org\springframework\spring-core\5.3.6\spring-core-5.3.6.jar;F:\maven\repository\org\springframework\spring-jcl\5.3.6\spring-jcl-5.3.6.jar;F:\maven\repository\org\springframework\spring-test\5.3.6\spring-test-5.3.6.jar;F:\maven\repository\org\xmlunit\xmlunit-core\2.7.0\xmlunit-core-2.7.0.jar;"/>
    <property name="java.vm.vendor" value="Oracle Corporation"/>
    <property name="sun.arch.data.model" value="64"/>
    <property name="user.variant" value=""/>
    <property name="java.vendor.url" value="http://java.oracle.com/"/>
    <property name="user.timezone" value="Asia/Shanghai"/>
    <property name="java.vm.specification.version" value="1.8"/>
    <property name="os.name" value="Windows 10"/>
    <property name="user.country" value="CN"/>
    <property name="sun.java.launcher" value="SUN_STANDARD"/>
    <property name="sun.boot.library.path" value="F:\Java\JDK\jre\bin"/>
    <property name="sun.java.command" value="C:\Users\asus-dm\AppData\Local\Temp\surefire4846172114627806357\surefirebooter4264803706259666364.jar C:\Users\asus-dm\AppData\Local\Temp\surefire4846172114627806357 2021-04-29T14-38-30_317-jvmRun1 surefire6853345823750294tmp surefire_07722076893941072786tmp"/>
    <property name="surefire.test.class.path" value="E:\IdeaProjects\SpringBoot-02\springboot-01-helloworld-2\target\test-classes;E:\IdeaProjects\SpringBoot-02\springboot-01-helloworld-2\target\classes;F:\maven\repository\org\springframework\boot\spring-boot-starter-web\2.4.5\spring-boot-starter-web-2.4.5.jar;F:\maven\repository\org\springframework\boot\spring-boot-starter\2.4.5\spring-boot-starter-2.4.5.jar;F:\maven\repository\org\springframework\boot\spring-boot\2.4.5\spring-boot-2.4.5.jar;F:\maven\repository\org\springframework\boot\spring-boot-autoconfigure\2.4.5\spring-boot-autoconfigure-2.4.5.jar;F:\maven\repository\org\springframework\boot\spring-boot-starter-logging\2.4.5\spring-boot-starter-logging-2.4.5.jar;F:\maven\repository\ch\qos\logback\logback-classic\1.2.3\logback-classic-1.2.3.jar;F:\maven\repository\ch\qos\logback\logback-core\1.2.3\logback-core-1.2.3.jar;F:\maven\repository\org\apache\logging\log4j\log4j-to-slf4j\2.13.3\log4j-to-slf4j-2.13.3.jar;F:\maven\repository\org\apache\logging\log4j\log4j-api\2.13.3\log4j-api-2.13.3.jar;F:\maven\repository\org\slf4j\jul-to-slf4j\1.7.30\jul-to-slf4j-1.7.30.jar;F:\maven\repository\jakarta\annotation\jakarta.annotation-api\1.3.5\jakarta.annotation-api-1.3.5.jar;F:\maven\repository\org\yaml\snakeyaml\1.27\snakeyaml-1.27.jar;F:\maven\repository\org\springframework\boot\spring-boot-starter-json\2.4.5\spring-boot-starter-json-2.4.5.jar;F:\maven\repository\com\fasterxml\jackson\core\jackson-databind\2.11.4\jackson-databind-2.11.4.jar;F:\maven\repository\com\fasterxml\jackson\core\jackson-annotations\2.11.4\jackson-annotations-2.11.4.jar;F:\maven\repository\com\fasterxml\jackson\core\jackson-core\2.11.4\jackson-core-2.11.4.jar;F:\maven\repository\com\fasterxml\jackson\datatype\jackson-datatype-jdk8\2.11.4\jackson-datatype-jdk8-2.11.4.jar;F:\maven\repository\com\fasterxml\jackson\datatype\jackson-datatype-jsr310\2.11.4\jackson-datatype-jsr310-2.11.4.jar;F:\maven\repository\com\fasterxml\jackson\module\jackson-module-parameter-names\2.11.4\jackson-module-parameter-names-2.11.4.jar;F:\maven\repository\org\springframework\boot\spring-boot-starter-tomcat\2.4.5\spring-boot-starter-tomcat-2.4.5.jar;F:\maven\repository\org\apache\tomcat\embed\tomcat-embed-core\9.0.45\tomcat-embed-core-9.0.45.jar;F:\maven\repository\org\glassfish\jakarta.el\3.0.3\jakarta.el-3.0.3.jar;F:\maven\repository\org\apache\tomcat\embed\tomcat-embed-websocket\9.0.45\tomcat-embed-websocket-9.0.45.jar;F:\maven\repository\org\springframework\spring-web\5.3.6\spring-web-5.3.6.jar;F:\maven\repository\org\springframework\spring-beans\5.3.6\spring-beans-5.3.6.jar;F:\maven\repository\org\springframework\spring-webmvc\5.3.6\spring-webmvc-5.3.6.jar;F:\maven\repository\org\springframework\spring-aop\5.3.6\spring-aop-5.3.6.jar;F:\maven\repository\org\springframework\spring-context\5.3.6\spring-context-5.3.6.jar;F:\maven\repository\org\springframework\spring-expression\5.3.6\spring-expression-5.3.6.jar;F:\maven\repository\org\springframework\boot\spring-boot-configuration-processor\2.4.5\spring-boot-configuration-processor-2.4.5.jar;F:\maven\repository\org\projectlombok\lombok\1.18.20\lombok-1.18.20.jar;F:\maven\repository\org\springframework\boot\spring-boot-starter-test\2.4.5\spring-boot-starter-test-2.4.5.jar;F:\maven\repository\org\springframework\boot\spring-boot-test\2.4.5\spring-boot-test-2.4.5.jar;F:\maven\repository\org\springframework\boot\spring-boot-test-autoconfigure\2.4.5\spring-boot-test-autoconfigure-2.4.5.jar;F:\maven\repository\com\jayway\jsonpath\json-path\2.4.0\json-path-2.4.0.jar;F:\maven\repository\net\minidev\json-smart\2.3\json-smart-2.3.jar;F:\maven\repository\net\minidev\accessors-smart\1.2\accessors-smart-1.2.jar;F:\maven\repository\org\ow2\asm\asm\5.0.4\asm-5.0.4.jar;F:\maven\repository\org\slf4j\slf4j-api\1.7.30\slf4j-api-1.7.30.jar;F:\maven\repository\jakarta\xml\bind\jakarta.xml.bind-api\2.3.3\jakarta.xml.bind-api-2.3.3.jar;F:\maven\repository\jakarta\activation\jakarta.activation-api\1.2.2\jakarta.activation-api-1.2.2.jar;F:\maven\repository\org\assertj\assertj-core\3.18.1\assertj-core-3.18.1.jar;F:\maven\repository\org\hamcrest\hamcrest\2.2\hamcrest-2.2.jar;F:\maven\repository\org\junit\jupiter\junit-jupiter\5.7.1\junit-jupiter-5.7.1.jar;F:\maven\repository\org\junit\jupiter\junit-jupiter-api\5.7.1\junit-jupiter-api-5.7.1.jar;F:\maven\repository\org\apiguardian\apiguardian-api\1.1.0\apiguardian-api-1.1.0.jar;F:\maven\repository\org\opentest4j\opentest4j\1.2.0\opentest4j-1.2.0.jar;F:\maven\repository\org\junit\platform\junit-platform-commons\1.7.1\junit-platform-commons-1.7.1.jar;F:\maven\repository\org\junit\jupiter\junit-jupiter-params\5.7.1\junit-jupiter-params-5.7.1.jar;F:\maven\repository\org\junit\jupiter\junit-jupiter-engine\5.7.1\junit-jupiter-engine-5.7.1.jar;F:\maven\repository\org\junit\platform\junit-platform-engine\1.7.1\junit-platform-engine-1.7.1.jar;F:\maven\repository\org\mockito\mockito-core\3.6.28\mockito-core-3.6.28.jar;F:\maven\repository\net\bytebuddy\byte-buddy\1.10.22\byte-buddy-1.10.22.jar;F:\maven\repository\net\bytebuddy\byte-buddy-agent\1.10.22\byte-buddy-agent-1.10.22.jar;F:\maven\repository\org\objenesis\objenesis\3.1\objenesis-3.1.jar;F:\maven\repository\org\mockito\mockito-junit-jupiter\3.6.28\mockito-junit-jupiter-3.6.28.jar;F:\maven\repository\org\skyscreamer\jsonassert\1.5.0\jsonassert-1.5.0.jar;F:\maven\repository\com\vaadin\external\google\android-json\0.0.20131108.vaadin1\android-json-0.0.20131108.vaadin1.jar;F:\maven\repository\org\springframework\spring-core\5.3.6\spring-core-5.3.6.jar;F:\maven\repository\org\springframework\spring-jcl\5.3.6\spring-jcl-5.3.6.jar;F:\maven\repository\org\springframework\spring-test\5.3.6\spring-test-5.3.6.jar;F:\maven\repository\org\xmlunit\xmlunit-core\2.7.0\xmlunit-core-2.7.0.jar;"/>
    <property name="sun.cpu.endian" value="little"/>
    <property name="user.home" value="C:\Users\asus-dm"/>
    <property name="user.language" value="zh"/>
    <property name="java.specification.vendor" value="Oracle Corporation"/>
    <property name="java.home" value="F:\Java\JDK\jre"/>
    <property name="basedir" value="E:\IdeaProjects\SpringBoot-02\springboot-01-helloworld-2"/>
    <property name="file.separator" value="\"/>
    <property name="line.separator" value="&#10;"/>
    <property name="java.vm.specification.vendor" value="Oracle Corporation"/>
    <property name="java.specification.name" value="Java Platform API Specification"/>
    <property name="java.awt.graphicsenv" value="sun.awt.Win32GraphicsEnvironment"/>
    <property name="surefire.real.class.path" value="C:\Users\asus-dm\AppData\Local\Temp\surefire4846172114627806357\surefirebooter4264803706259666364.jar"/>
    <property name="sun.boot.class.path" value="F:\Java\JDK\jre\lib\resources.jar;F:\Java\JDK\jre\lib\rt.jar;F:\Java\JDK\jre\lib\sunrsasign.jar;F:\Java\JDK\jre\lib\jsse.jar;F:\Java\JDK\jre\lib\jce.jar;F:\Java\JDK\jre\lib\charsets.jar;F:\Java\JDK\jre\lib\jfr.jar;F:\Java\JDK\jre\classes"/>
    <property name="user.script" value=""/>
    <property name="sun.management.compiler" value="HotSpot 64-Bit Tiered Compilers"/>
    <property name="java.runtime.version" value="1.8.0_141-b15"/>
    <property name="user.name" value="asus-dm"/>
    <property name="path.separator" value=";"/>
    <property name="os.version" value="10.0"/>
    <property name="java.endorsed.dirs" value="F:\Java\JDK\jre\lib\endorsed"/>
    <property name="java.runtime.name" value="Java(TM) SE Runtime Environment"/>
    <property name="file.encoding" value="GBK"/>
    <property name="java.vm.name" value="Java HotSpot(TM) 64-Bit Server VM"/>
    <property name="localRepository" value="F:\maven\repository"/>
    <property name="java.vendor.url.bug" value="http://bugreport.sun.com/bugreport/"/>
    <property name="java.io.tmpdir" value="C:\Users\asus-dm\AppData\Local\Temp\"/>
    <property name="java.version" value="1.8.0_141"/>
    <property name="user.dir" value="E:\IdeaProjects\SpringBoot-02\springboot-01-helloworld-2"/>
    <property name="os.arch" value="amd64"/>
    <property name="java.vm.specification.name" value="Java Virtual Machine Specification"/>
    <property name="java.awt.printerjob" value="sun.awt.windows.WPrinterJob"/>
    <property name="sun.os.patch.level" value=""/>
    <property name="idea.version2019.3.3" value="true"/>
    <property name="java.library.path" value="F:\Java\JDK\jre\bin;C:\WINDOWS\Sun\Java\bin;C:\WINDOWS\system32;C:\WINDOWS;C:\ProgramData\Oracle\Java\javapath;C:\Windows\system32;C:\Windows;C:\Windows\System32\Wbem;C:\Windows\System32\WindowsPowerShell\v1.0\;C:\Program Files (x86)\NVIDIA Corporation\PhysX\Common;F:\Program Files (x86)\Altium Designer 6\System;C:\WINDOWS\system32;C:\WINDOWS;C:\WINDOWS\System32\Wbem;C:\WINDOWS\System32\WindowsPowerShell\v1.0\;C:\WINDOWS\System32\OpenSSH\;F:\python\;F:\python3.7.0\;f:\quartus9.1\quartus\bin;C:\AI2U\JDK\bin;F:\Altium Designer\System;C:\Program Files\NVIDIA Corporation\NVIDIA NvDLISR;F:\Git\Git\cmd;F:\MATLAB\runtime\win64;F:\MATLAB\bin;F:\maven\apache-maven-3.6.3\bin;F:\maven\apache-maven-3.6.3\bin;F:\Java\JDK\bin;F:\Java\JDK\jre\lib\ext\RXTXcomm.jar;F:\nodejs\;F:\Xftp\;F:\Xshell\;F:\MySQL\Mysql 8.0\bin;;C:\WINDOWS\system32;C:\WINDOWS;C:\WINDOWS\System32\Wbem;C:\WINDOWS\System32\WindowsPowerShell\v1.0\;C:\WINDOWS\System32\OpenSSH\;C:\Users\asus-dm\AppData\Local\Microsoft\WindowsApps;C:\Users\asus-dm\AppData\Local\GitHubDesktop\bin;F:\IDEA2019\idea2019\IntelliJ IDEA 2019.3.3\bin;;F:\nodejs\node_global;F:\nodejs\node_cache;C:\Users\asus-dm\AppData\Roaming\npm;C:\Users\asus-dm\AppData\Local\Microsoft\WindowsApps;;."/>
    <property name="java.vm.info" value="mixed mode"/>
    <property name="java.vendor" value="Oracle Corporation"/>
    <property name="java.vm.version" value="25.141-b15"/>
    <property name="java.ext.dirs" value="F:\Java\JDK\jre\lib\ext;C:\WINDOWS\Sun\Java\lib\ext"/>
    <property name="sun.io.unicode.encoding" value="UnicodeLittle"/>
    <property name="java.class.version" value="52.0"/>
  </properties>
  <testcase name="contextLoads" classname="com.lgh.boot.Springboot01Helloworld2ApplicationTests" time="0.323"/>
</testsuite>